[8/12/2025 9:41:41 PM] [WARNING] mysql_connect: no password specified
[8/12/2025 9:43:43 PM] [WARNING] mysql_connect: no password specified
[8/12/2025 9:51:03 PM] [WARNING] mysql_connect: no password specified
[8/12/2025 10:04:06 PM] [WARNING] mysql_connect: no password specified
[8/12/2025 10:05:19 PM] [WARNING] mysql_connect: no password specified
[8/12/2025 10:07:28 PM] [WARNING] mysql_connect: no password specified
[8/12/2025 10:20:17 PM] [WARNING] mysql_connect: no password specified
[8/12/2025 10:24:00 PM] [ERROR] mysql_format: destination size '256' is too small
[8/12/2025 10:24:00 PM] [ERROR] error #1065 while executing query "": Query was empty
[8/12/2025 10:24:39 PM] [ERROR] mysql_format: destination size '256' is too small
[8/12/2025 10:24:39 PM] [ERROR] error #1065 while executing query "": Query was empty
[8/12/2025 10:24:52 PM] [WARNING] mysql_connect: no password specified
[8/12/2025 10:27:41 PM] [WARNING] mysql_connect: no password specified
[8/12/2025 10:31:49 PM] [WARNING] mysql_connect: no password specified
[8/12/2025 10:36:49 PM] [WARNING] mysql_connect: no password specified
[8/12/2025 10:37:38 PM] [ERROR] mysql_tquery: callback error: callback "OnPlayerVehicleSpawn" does not exist
[8/12/2025 10:41:01 PM] [WARNING] mysql_connect: no password specified
[8/12/2025 10:44:56 PM] [WARNING] mysql_connect: no password specified
[8/12/2025 10:50:59 PM] [WARNING] mysql_connect: no password specified
[8/12/2025 10:52:22 PM] [WARNING] mysql_connect: no password specified
[8/12/2025 10:56:21 PM] [WARNING] mysql_connect: no password specified
[8/12/2025 10:57:27 PM] [WARNING] mysql_connect: no password specified
[8/12/2025 11:01:45 PM] [WARNING] mysql_connect: no password specified
[8/12/2025 11:07:40 PM] [WARNING] mysql_connect: no password specified
[8/12/2025 11:08:18 PM] [ERROR] mysql_pquery: callback error: parameter count does not match format specifier length
[8/12/2025 11:09:39 PM] [WARNING] mysql_connect: no password specified
[8/12/2025 11:10:14 PM] [ERROR] mysql_tquery: callback error: parameter count does not match format specifier length
[8/12/2025 11:13:16 PM] [WARNING] mysql_connect: no password specified
[8/12/2025 11:16:46 PM] [WARNING] mysql_connect: no password specified
[8/12/2025 11:19:15 PM] [WARNING] mysql_connect: no password specified
[8/12/2025 11:21:47 PM] [WARNING] mysql_connect: no password specified
